[2022-12-10 18:59:18.797] [info] Using configuration file /home/xubai/.config/waybar/river/config-river
[2022-12-10 18:59:18.797] [info] Using CSS file /home/xubai/.config/waybar/river/style_river.css

(waybar:124558): Gtk-WARNING **: 18:59:18.797: Theme parsing error: style_river.css:3:17: Not using units is deprecated. Assuming 'px'.
[2022-12-10 18:59:18.804] [warning] As using a timezone, some format args may be missing as the date library haven't got a release since 2018.
[2022-12-10 18:59:18.807] [warning] For a functional tray you must have libappindicator-* installed and export XDG_CURRENT_DESKTOP=Unity
sh:行1: /home/xubai/.config/waybar/script/test.py: 权限不够
[2022-12-10 18:59:19.000] [warning] Requested height: 29 is less than the minimum height: 47 required by the modules
[2022-12-10 18:59:19.001] [info] Bar configured (width: 2560, height: 47) for output: DP-1

** (waybar:124558): WARNING **: 18:59:19.004: Status Notifier Item with bus name ':1.943' and object path '/org/ayatana/NotificationItem/1Password1' is already registered

** (waybar:124558): WARNING **: 18:59:19.027: Status Notifier Item with bus name ':1.943' and object path '/org/ayatana/NotificationItem/1Password1' is already registered

** (waybar:124558): WARNING **: 18:59:19.393: Status Notifier Item with bus name ':1.943' and object path '/org/ayatana/NotificationItem/1Password1' is already registered
[2022-12-10 19:03:15.153] [info] Using configuration file /home/xubai/.config/waybar/river/config-river
[2022-12-10 19:03:15.153] [info] Using CSS file /home/xubai/.config/waybar/river/style_river.css

(waybar:124820): Gtk-WARNING **: 19:03:15.153: Theme parsing error: style_river.css:3:17: Not using units is deprecated. Assuming 'px'.
[2022-12-10 19:03:15.160] [warning] As using a timezone, some format args may be missing as the date library haven't got a release since 2018.
[2022-12-10 19:03:15.163] [warning] For a functional tray you must have libappindicator-* installed and export XDG_CURRENT_DESKTOP=Unity
sh:行1: /home/xubai/.config/waybar/script/test.py: 权限不够

** (waybar:124820): WARNING **: 19:03:15.346: Status Notifier Item with bus name ':1.943' and object path '/org/ayatana/NotificationItem/1Password1' is already registered
[2022-12-10 19:03:15.362] [warning] Requested height: 29 is less than the minimum height: 47 required by the modules
[2022-12-10 19:03:15.362] [info] Bar configured (width: 2560, height: 47) for output: DP-1
[2022-12-10 19:03:15.362] [error] Item '': No icon name or pixmap given.

** (waybar:124820): WARNING **: 19:03:15.376: Status Notifier Item with bus name ':1.943' and object path '/org/ayatana/NotificationItem/1Password1' is already registered

** (waybar:124820): WARNING **: 19:03:15.644: Status Notifier Item with bus name ':1.943' and object path '/org/ayatana/NotificationItem/1Password1' is already registered
[2022-12-10 19:04:10.512] [info] Using configuration file /home/xubai/.config/waybar/river/config-river
[2022-12-10 19:04:10.512] [info] Using CSS file /home/xubai/.config/waybar/river/style_river.css

(waybar:124922): Gtk-WARNING **: 19:04:10.513: Theme parsing error: style_river.css:3:17: Not using units is deprecated. Assuming 'px'.
[2022-12-10 19:04:10.519] [warning] As using a timezone, some format args may be missing as the date library haven't got a release since 2018.
[2022-12-10 19:04:10.521] [warning] For a functional tray you must have libappindicator-* installed and export XDG_CURRENT_DESKTOP=Unity
sh:行1: /home/xubai/.config/waybar/script/test.py: 权限不够

** (waybar:124922): WARNING **: 19:04:10.703: Status Notifier Item with bus name ':1.943' and object path '/org/ayatana/NotificationItem/1Password1' is already registered
[2022-12-10 19:04:10.718] [warning] Requested height: 29 is less than the minimum height: 47 required by the modules
[2022-12-10 19:04:10.718] [info] Bar configured (width: 2560, height: 47) for output: DP-1
[2022-12-10 19:04:10.718] [error] Item '': No icon name or pixmap given.

** (waybar:124922): WARNING **: 19:04:10.737: Status Notifier Item with bus name ':1.943' and object path '/org/ayatana/NotificationItem/1Password1' is already registered

** (waybar:124922): WARNING **: 19:04:11.143: Status Notifier Item with bus name ':1.943' and object path '/org/ayatana/NotificationItem/1Password1' is already registered
[2022-12-10 19:07:24.251] [info] Using configuration file /home/xubai/.config/waybar/river/config-river
[2022-12-10 19:07:24.251] [info] Using CSS file /home/xubai/.config/waybar/river/style_river.css

(waybar:125176): Gtk-WARNING **: 19:07:24.251: Theme parsing error: style_river.css:3:17: Not using units is deprecated. Assuming 'px'.
[2022-12-10 19:07:24.258] [warning] As using a timezone, some format args may be missing as the date library haven't got a release since 2018.
[2022-12-10 19:07:24.261] [warning] For a functional tray you must have libappindicator-* installed and export XDG_CURRENT_DESKTOP=Unity
sh:行1: /home/xubai/.config/waybar/script/test.py: 权限不够

** (waybar:125176): WARNING **: 19:07:24.446: Status Notifier Item with bus name ':1.943' and object path '/org/ayatana/NotificationItem/1Password1' is already registered
[2022-12-10 19:07:24.462] [warning] Requested height: 29 is less than the minimum height: 47 required by the modules
[2022-12-10 19:07:24.462] [info] Bar configured (width: 2560, height: 47) for output: DP-1
[2022-12-10 19:07:24.462] [error] Item '': No icon name or pixmap given.

** (waybar:125176): WARNING **: 19:07:24.478: Status Notifier Item with bus name ':1.943' and object path '/org/ayatana/NotificationItem/1Password1' is already registered

** (waybar:125176): WARNING **: 19:07:24.893: Status Notifier Item with bus name ':1.943' and object path '/org/ayatana/NotificationItem/1Password1' is already registered
[2022-12-10 19:39:19.064] [info] Using configuration file /home/xubai/.config/waybar/river/config-river
[2022-12-10 19:39:19.064] [info] Using CSS file /home/xubai/.config/waybar/river/style_river.css

(waybar:130482): Gtk-WARNING **: 19:39:19.064: Theme parsing error: style_river.css:3:17: Not using units is deprecated. Assuming 'px'.
[2022-12-10 19:39:19.071] [warning] As using a timezone, some format args may be missing as the date library haven't got a release since 2018.
[2022-12-10 19:39:19.073] [warning] For a functional tray you must have libappindicator-* installed and export XDG_CURRENT_DESKTOP=Unity

** (waybar:130482): WARNING **: 19:39:19.251: Status Notifier Item with bus name ':1.943' and object path '/org/ayatana/NotificationItem/1Password1' is already registered
[2022-12-10 19:39:19.264] [warning] Requested height: 29 is less than the minimum height: 47 required by the modules
[2022-12-10 19:39:19.264] [info] Bar configured (width: 2560, height: 47) for output: DP-1
[2022-12-10 19:39:19.264] [error] Item '': No icon name or pixmap given.
[2022-12-10 19:39:19.270] [error] Item '': No icon name or pixmap given.
[2022-12-10 19:39:19.275] [error] Item '': No icon name or pixmap given.

** (waybar:130482): WARNING **: 19:39:19.286: Status Notifier Item with bus name ':1.943' and object path '/org/ayatana/NotificationItem/1Password1' is already registered

** (waybar:130482): WARNING **: 19:39:19.641: Status Notifier Item with bus name ':1.943' and object path '/org/ayatana/NotificationItem/1Password1' is already registered

(waybar:130482): LIBDBUSMENU-GLIB-WARNING **: 19:40:57.143: Unable to replace properties on 0: Error getting properties for ID
[2022-12-10 19:48:36.424] [info] Using configuration file /home/xubai/.config/waybar/river/config-river
[2022-12-10 19:48:36.425] [info] Using CSS file /home/xubai/.config/waybar/river/style_river.css

(waybar:131310): Gtk-WARNING **: 19:48:36.425: Theme parsing error: style_river.css:3:17: Not using units is deprecated. Assuming 'px'.
[2022-12-10 19:48:36.431] [warning] As using a timezone, some format args may be missing as the date library haven't got a release since 2018.
[2022-12-10 19:48:36.433] [warning] For a functional tray you must have libappindicator-* installed and export XDG_CURRENT_DESKTOP=Unity

** (waybar:131310): WARNING **: 19:48:36.604: Status Notifier Item with bus name ':1.943' and object path '/org/ayatana/NotificationItem/1Password1' is already registered
[2022-12-10 19:48:36.621] [warning] Requested height: 29 is less than the minimum height: 47 required by the modules
[2022-12-10 19:48:36.621] [info] Bar configured (width: 2560, height: 47) for output: DP-1
[2022-12-10 19:48:36.621] [error] Item '': No icon name or pixmap given.

** (waybar:131310): WARNING **: 19:48:36.631: Status Notifier Item with bus name ':1.943' and object path '/org/ayatana/NotificationItem/1Password1' is already registered

** (waybar:131310): WARNING **: 19:48:36.893: Status Notifier Item with bus name ':1.943' and object path '/org/ayatana/NotificationItem/1Password1' is already registered
[2022-12-10 20:10:35.880] [info] Using configuration file /home/xubai/.config/waybar/river/config-river
[2022-12-10 20:10:35.880] [info] Using CSS file /home/xubai/.config/waybar/river/style_river.css

(waybar:136209): Gtk-WARNING **: 20:10:35.880: Theme parsing error: style_river.css:3:17: Not using units is deprecated. Assuming 'px'.
[2022-12-10 20:10:35.889] [warning] For a functional tray you must have libappindicator-* installed and export XDG_CURRENT_DESKTOP=Unity

** (waybar:136209): WARNING **: 20:10:36.058: Status Notifier Item with bus name ':1.943' and object path '/org/ayatana/NotificationItem/1Password1' is already registered
[2022-12-10 20:10:36.073] [warning] Requested height: 29 is less than the minimum height: 47 required by the modules
[2022-12-10 20:10:36.073] [info] Bar configured (width: 2560, height: 47) for output: DP-1
[2022-12-10 20:10:36.073] [error] Item '': No icon name or pixmap given.

** (waybar:136209): WARNING **: 20:10:36.082: Status Notifier Item with bus name ':1.943' and object path '/org/ayatana/NotificationItem/1Password1' is already registered

** (waybar:136209): WARNING **: 20:10:36.393: Status Notifier Item with bus name ':1.943' and object path '/org/ayatana/NotificationItem/1Password1' is already registered
[2022-12-10 20:18:58.635] [info] Using configuration file /home/xubai/.config/waybar/river/config-river
[2022-12-10 20:18:58.635] [info] Using CSS file /home/xubai/.config/waybar/river/style_river.css

(waybar:137798): Gtk-WARNING **: 20:18:58.635: Theme parsing error: style_river.css:3:17: Not using units is deprecated. Assuming 'px'.
[2022-12-10 20:18:58.642] [warning] As using a timezone, some format args may be missing as the date library haven't got a release since 2018.
[2022-12-10 20:18:58.644] [warning] For a functional tray you must have libappindicator-* installed and export XDG_CURRENT_DESKTOP=Unity

** (waybar:137798): WARNING **: 20:18:58.812: Status Notifier Item with bus name ':1.943' and object path '/org/ayatana/NotificationItem/1Password1' is already registered
[2022-12-10 20:18:58.826] [warning] Requested height: 29 is less than the minimum height: 47 required by the modules
[2022-12-10 20:18:58.826] [info] Bar configured (width: 2560, height: 47) for output: DP-1
[2022-12-10 20:18:58.826] [error] Item '': No icon name or pixmap given.

** (waybar:137798): WARNING **: 20:18:58.837: Status Notifier Item with bus name ':1.943' and object path '/org/ayatana/NotificationItem/1Password1' is already registered

** (waybar:137798): WARNING **: 20:18:59.143: Status Notifier Item with bus name ':1.943' and object path '/org/ayatana/NotificationItem/1Password1' is already registered
[2022-12-11 10:43:31.795] [info] Using configuration file /home/xubai/.config/waybar/river/config-river
[2022-12-11 10:43:31.795] [info] Using CSS file /home/xubai/.config/waybar/river/style_river.css

(waybar:186638): Gtk-WARNING **: 10:43:31.795: Theme parsing error: style_river.css:3:17: Not using units is deprecated. Assuming 'px'.
[2022-12-11 10:43:31.802] [warning] As using a timezone, some format args may be missing as the date library haven't got a release since 2018.
[2022-12-11 10:43:31.805] [warning] For a functional tray you must have libappindicator-* installed and export XDG_CURRENT_DESKTOP=Unity

** (waybar:186638): WARNING **: 10:43:31.983: Status Notifier Item with bus name ':1.2106' and object path '/org/ayatana/NotificationItem/1Password1' is already registered
[2022-12-11 10:43:32.004] [warning] Requested height: 29 is less than the minimum height: 47 required by the modules
[2022-12-11 10:43:32.004] [info] Bar configured (width: 2560, height: 47) for output: DP-1

** (waybar:186638): WARNING **: 10:43:32.011: Status Notifier Item with bus name ':1.2106' and object path '/org/ayatana/NotificationItem/1Password1' is already registered

** (waybar:186638): WARNING **: 10:43:32.186: Status Notifier Item with bus name ':1.2106' and object path '/org/ayatana/NotificationItem/1Password1' is already registered
[2022-12-11 10:44:07.255] [info] Using configuration file /home/xubai/.config/waybar/river/config-river
[2022-12-11 10:44:07.255] [info] Using CSS file /home/xubai/.config/waybar/river/style_river.css

(waybar:186754): Gtk-WARNING **: 10:44:07.256: Theme parsing error: style_river.css:3:17: Not using units is deprecated. Assuming 'px'.
[2022-12-11 10:44:07.262] [warning] As using a timezone, some format args may be missing as the date library haven't got a release since 2018.
[2022-12-11 10:44:07.265] [warning] For a functional tray you must have libappindicator-* installed and export XDG_CURRENT_DESKTOP=Unity
[2022-12-11 10:44:07.446] [warning] Requested height: 29 is less than the minimum height: 47 required by the modules
[2022-12-11 10:44:07.446] [info] Bar configured (width: 2560, height: 47) for output: DP-1
[2022-12-11 10:44:07.446] [error] Item '': No icon name or pixmap given.

** (waybar:186754): WARNING **: 10:44:07.452: Status Notifier Item with bus name ':1.2106' and object path '/org/ayatana/NotificationItem/1Password1' is already registered

** (waybar:186754): WARNING **: 10:44:07.457: Status Notifier Item with bus name ':1.2106' and object path '/org/ayatana/NotificationItem/1Password1' is already registered

** (waybar:186754): WARNING **: 10:44:07.686: Status Notifier Item with bus name ':1.2106' and object path '/org/ayatana/NotificationItem/1Password1' is already registered

(waybar:186754): LIBDBUSMENU-GLIB-WARNING **: 10:44:36.547: Unable to replace properties on 0: Error getting properties for ID

(waybar:186754): LIBDBUSMENU-GLIB-WARNING **: 10:45:46.262: Unable to replace properties on 0: Error getting properties for ID

(waybar:186754): LIBDBUSMENU-GLIB-WARNING **: 10:45:46.376: Unable to replace properties on 0: Error getting properties for ID

(waybar:186754): LIBDBUSMENU-GLIB-WARNING **: 10:45:47.770: Unable to replace properties on 0: Error getting properties for ID

(waybar:186754): LIBDBUSMENU-GLIB-WARNING **: 10:45:54.787: Unable to replace properties on 0: Error getting properties for ID

(waybar:186754): LIBDBUSMENU-GLIB-WARNING **: 10:46:02.324: Unable to replace properties on 0: Error getting properties for ID
[2022-12-11 10:50:10.977] [info] Reloading...

(waybar:186754): GLib-GIO-WARNING **: 10:50:10.978: Invalid id 2 passed to g_bus_unwatch_name()
[2022-12-11 10:50:10.983] [info] Using configuration file /home/xubai/.config/waybar/river/config-river
[2022-12-11 10:50:10.983] [info] Using CSS file /home/xubai/.config/waybar/river/style_river.css

(waybar:186754): Gtk-WARNING **: 10:50:10.983: Theme parsing error: style_river.css:3:17: Not using units is deprecated. Assuming 'px'.
[2022-12-11 10:50:10.990] [warning] As using a timezone, some format args may be missing as the date library haven't got a release since 2018.
[2022-12-11 10:50:10.995] [warning] For a functional tray you must have libappindicator-* installed and export XDG_CURRENT_DESKTOP=Unity

** (waybar:186754): WARNING **: 10:50:11.125: Status Notifier Item with bus name ':1.2106' and object path '/org/ayatana/NotificationItem/1Password1' is already registered
[2022-12-11 10:50:11.128] [warning] Requested height: 29 is less than the minimum height: 47 required by the modules
[2022-12-11 10:50:11.128] [info] Bar configured (width: 2560, height: 47) for output: DP-1

** (waybar:186754): WARNING **: 10:50:11.160: Status Notifier Item with bus name ':1.2106' and object path '/org/ayatana/NotificationItem/1Password1' is already registered

** (waybar:186754): WARNING **: 10:50:11.436: Status Notifier Item with bus name ':1.2106' and object path '/org/ayatana/NotificationItem/1Password1' is already registered
[2022-12-11 11:00:19.853] [info] Reloading...

(waybar:186754): GLib-GIO-WARNING **: 11:00:19.853: Invalid id 4 passed to g_bus_unwatch_name()
[2022-12-11 11:00:19.858] [info] Using configuration file /home/xubai/.config/waybar/river/config-river
[2022-12-11 11:00:19.858] [info] Using CSS file /home/xubai/.config/waybar/river/style_river.css

(waybar:186754): Gtk-WARNING **: 11:00:19.858: Theme parsing error: style_river.css:3:17: Not using units is deprecated. Assuming 'px'.
[2022-12-11 11:00:19.864] [warning] As using a timezone, some format args may be missing as the date library haven't got a release since 2018.
[2022-12-11 11:00:19.867] [warning] For a functional tray you must have libappindicator-* installed and export XDG_CURRENT_DESKTOP=Unity

** (waybar:186754): WARNING **: 11:00:19.999: Status Notifier Item with bus name ':1.2106' and object path '/org/ayatana/NotificationItem/1Password1' is already registered
[2022-12-11 11:00:20.003] [warning] Requested height: 29 is less than the minimum height: 47 required by the modules
[2022-12-11 11:00:20.003] [info] Bar configured (width: 2560, height: 47) for output: DP-1

** (waybar:186754): WARNING **: 11:00:20.029: Status Notifier Item with bus name ':1.2106' and object path '/org/ayatana/NotificationItem/1Password1' is already registered

** (waybar:186754): WARNING **: 11:00:20.436: Status Notifier Item with bus name ':1.2106' and object path '/org/ayatana/NotificationItem/1Password1' is already registered
[2022-12-11 11:01:23.132] [info] Reloading...

(waybar:186754): GLib-GIO-WARNING **: 11:01:23.132: Invalid id 6 passed to g_bus_unwatch_name()
[2022-12-11 11:01:23.137] [info] Using configuration file /home/xubai/.config/waybar/river/config-river
[2022-12-11 11:01:23.137] [info] Using CSS file /home/xubai/.config/waybar/river/style_river.css

(waybar:186754): Gtk-WARNING **: 11:01:23.137: Theme parsing error: style_river.css:3:17: Not using units is deprecated. Assuming 'px'.
[2022-12-11 11:01:23.143] [warning] As using a timezone, some format args may be missing as the date library haven't got a release since 2018.
[2022-12-11 11:01:23.147] [warning] For a functional tray you must have libappindicator-* installed and export XDG_CURRENT_DESKTOP=Unity

** (waybar:186754): WARNING **: 11:01:23.275: Status Notifier Item with bus name ':1.2106' and object path '/org/ayatana/NotificationItem/1Password1' is already registered
[2022-12-11 11:01:23.279] [warning] Requested height: 29 is less than the minimum height: 47 required by the modules
[2022-12-11 11:01:23.279] [info] Bar configured (width: 2560, height: 47) for output: DP-1

** (waybar:186754): WARNING **: 11:01:23.294: Status Notifier Item with bus name ':1.2106' and object path '/org/ayatana/NotificationItem/1Password1' is already registered

** (waybar:186754): WARNING **: 11:01:23.684: Status Notifier Item with bus name ':1.2106' and object path '/org/ayatana/NotificationItem/1Password1' is already registered
[2022-12-11 11:01:47.116] [info] Reloading...

(waybar:186754): GLib-GIO-WARNING **: 11:01:47.117: Invalid id 8 passed to g_bus_unwatch_name()
[2022-12-11 11:01:47.122] [info] Using configuration file /home/xubai/.config/waybar/river/config-river
[2022-12-11 11:01:47.122] [info] Using CSS file /home/xubai/.config/waybar/river/style_river.css

(waybar:186754): Gtk-WARNING **: 11:01:47.122: Theme parsing error: style_river.css:3:17: Not using units is deprecated. Assuming 'px'.
[2022-12-11 11:01:47.129] [warning] As using a timezone, some format args may be missing as the date library haven't got a release since 2018.
[2022-12-11 11:01:47.132] [warning] For a functional tray you must have libappindicator-* installed and export XDG_CURRENT_DESKTOP=Unity

** (waybar:186754): WARNING **: 11:01:47.263: Status Notifier Item with bus name ':1.2106' and object path '/org/ayatana/NotificationItem/1Password1' is already registered
[2022-12-11 11:01:47.269] [warning] Requested height: 29 is less than the minimum height: 47 required by the modules
[2022-12-11 11:01:47.269] [info] Bar configured (width: 2560, height: 47) for output: DP-1

** (waybar:186754): WARNING **: 11:01:47.296: Status Notifier Item with bus name ':1.2106' and object path '/org/ayatana/NotificationItem/1Password1' is already registered

** (waybar:186754): WARNING **: 11:01:47.686: Status Notifier Item with bus name ':1.2106' and object path '/org/ayatana/NotificationItem/1Password1' is already registered
[2022-12-11 11:02:37.396] [info] Reloading...
[2022-12-11 11:02:37.401] [info] Using configuration file /home/xubai/.config/waybar/river/config-river
[2022-12-11 11:02:37.402] [info] Using CSS file /home/xubai/.config/waybar/river/style_river.css

(waybar:186754): Gtk-WARNING **: 11:02:37.402: Theme parsing error: style_river.css:3:17: Not using units is deprecated. Assuming 'px'.
[2022-12-11 11:02:37.407] [warning] As using a timezone, some format args may be missing as the date library haven't got a release since 2018.
[2022-12-11 11:02:37.410] [warning] For a functional tray you must have libappindicator-* installed and export XDG_CURRENT_DESKTOP=Unity

** (waybar:186754): WARNING **: 11:02:37.542: Status Notifier Item with bus name ':1.2106' and object path '/org/ayatana/NotificationItem/1Password1' is already registered
[2022-12-11 11:02:37.546] [warning] Requested height: 29 is less than the minimum height: 47 required by the modules
[2022-12-11 11:02:37.546] [info] Bar configured (width: 2560, height: 47) for output: DP-1

** (waybar:186754): WARNING **: 11:02:37.572: Status Notifier Item with bus name ':1.2106' and object path '/org/ayatana/NotificationItem/1Password1' is already registered

** (waybar:186754): WARNING **: 11:02:37.936: Status Notifier Item with bus name ':1.2106' and object path '/org/ayatana/NotificationItem/1Password1' is already registered
[2022-12-12 00:01:14.586] [info] Using configuration file /home/xubai/.config/waybar/river/config-river
[2022-12-12 00:01:14.587] [info] Using CSS file /home/xubai/.config/waybar/river/style_river.css

(waybar:33181): Gtk-WARNING **: 00:01:14.587: Theme parsing error: style_river.css:3:17: Not using units is deprecated. Assuming 'px'.
[2022-12-12 00:01:14.594] [warning] As using a timezone, some format args may be missing as the date library haven't got a release since 2018.
[2022-12-12 00:01:14.597] [warning] For a functional tray you must have libappindicator-* installed and export XDG_CURRENT_DESKTOP=Unity
[2022-12-12 00:01:14.796] [warning] Requested height: 25 is less than the minimum height: 47 required by the modules
[2022-12-12 00:01:14.796] [info] Bar configured (width: 2560, height: 47) for output: DP-1

** (waybar:33181): WARNING **: 00:01:14.803: Status Notifier Item with bus name ':1.28' and object path '/org/ayatana/NotificationItem/1Password1' is already registered
Exception ignored in: <_io.TextIOWrapper name='<stdout>' mode='w' encoding='utf-8'>
BrokenPipeError: [Errno 32] Broken pipe
Exception ignored in: <_io.TextIOWrapper name='<stdout>' mode='w' encoding='utf-8'>
BrokenPipeError: [Errno 32] Broken pipe
Exception ignored in: <_io.TextIOWrapper name='<stdout>' mode='w' encoding='utf-8'>
BrokenPipeError: [Errno 32] Broken pipe
Exception ignored in: <_io.TextIOWrapper name='<stdout>' mode='w' encoding='utf-8'>
BrokenPipeError: [Errno 32] Broken pipe
Exception ignored in: <_io.TextIOWrapper name='<stdout>' mode='w' encoding='utf-8'>
BrokenPipeError: [Errno 32] Broken pipe
Exception ignored in: <_io.TextIOWrapper name='<stdout>' mode='w' encoding='utf-8'>
BrokenPipeError: [Errno 32] Broken pipe
Exception ignored in: <_io.TextIOWrapper name='<stdout>' mode='w' encoding='utf-8'>
BrokenPipeError: [Errno 32] Broken pipe
Exception ignored in: <_io.TextIOWrapper name='<stdout>' mode='w' encoding='utf-8'>
BrokenPipeError: [Errno 32] Broken pipe
Exception ignored in: <_io.TextIOWrapper name='<stdout>' mode='w' encoding='utf-8'>
BrokenPipeError: [Errno 32] Broken pipe
Exception ignored in: <_io.TextIOWrapper name='<stdout>' mode='w' encoding='utf-8'>
BrokenPipeError: [Errno 32] Broken pipe
Exception ignored in: <_io.TextIOWrapper name='<stdout>' mode='w' encoding='utf-8'>
BrokenPipeError: [Errno 32] Broken pipe
Exception ignored in: <_io.TextIOWrapper name='<stdout>' mode='w' encoding='utf-8'>
BrokenPipeError: [Errno 32] Broken pipe
Exception ignored in: <_io.TextIOWrapper name='<stdout>' mode='w' encoding='utf-8'>
BrokenPipeError: [Errno 32] Broken pipe
Exception ignored in: <_io.TextIOWrapper name='<stdout>' mode='w' encoding='utf-8'>
BrokenPipeError: [Errno 32] Broken pipe
Exception ignored in: <_io.TextIOWrapper name='<stdout>' mode='w' encoding='utf-8'>
BrokenPipeError: [Errno 32] Broken pipe
[2022-12-12 10:03:53.264] [info] Using configuration file /home/xubai/.config/waybar/river/config-river
[2022-12-12 10:03:53.264] [info] Using CSS file /home/xubai/.config/waybar/river/style_river.css

(waybar:34950): Gtk-WARNING **: 10:03:53.264: Theme parsing error: style_river.css:3:17: Not using units is deprecated. Assuming 'px'.
[2022-12-12 10:03:53.272] [warning] As using a timezone, some format args may be missing as the date library haven't got a release since 2018.
[2022-12-12 10:03:53.275] [warning] For a functional tray you must have libappindicator-* installed and export XDG_CURRENT_DESKTOP=Unity
[2022-12-12 10:03:53.481] [warning] Requested height: 25 is less than the minimum height: 47 required by the modules
[2022-12-12 10:03:53.481] [info] Bar configured (width: 2560, height: 47) for output: DP-1
[2022-12-12 10:03:53.481] [error] Item '': No icon name or pixmap given.
[2022-12-12 10:03:53.489] [error] Item '': No icon name or pixmap given.

** (waybar:34950): WARNING **: 10:03:53.496: Status Notifier Item with bus name ':1.28' and object path '/org/ayatana/NotificationItem/1Password1' is already registered
